2023-12-16 21:12:811 INFO  HomePage :32 - Clicking on login link : [[ChromeDriver: chrome on windows (d43bd6622e0da01cc6668d2f6c5374ad)] -> link text: Log in]
2023-12-16 21:12:867 INFO  LoginPage :39 - Getting text from : [[ChromeDriver: chrome on windows (d43bd6622e0da01cc6668d2f6c5374ad)] -> xpath: //h1[contains(text(),'Welcome, Please Sign In!')]]
2023-12-16 21:12:500 INFO  HomePage :32 - Clicking on login link : [[ChromeDriver: chrome on windows (c80e57797f6a411a845b4ec60f582c58)] -> link text: Log in]
2023-12-16 21:12:563 INFO  LoginPage :39 - Getting text from : [[ChromeDriver: chrome on windows (c80e57797f6a411a845b4ec60f582c58)] -> xpath: //h1[contains(text(),'Welcome, Please Sign In!')]]
2023-12-16 21:12:520 INFO  HomePage :32 - Clicking on login link : [[ChromeDriver: chrome on windows (b28f7223461d78aaf060c2142ec90301)] -> link text: Log in]
2023-12-16 21:12:622 INFO  LoginPage :39 - Getting text from : [[ChromeDriver: chrome on windows (b28f7223461d78aaf060c2142ec90301)] -> xpath: //h1[contains(text(),'Welcome, Please Sign In!')]]
2023-12-16 21:12:15 INFO  HomePage :32 - Clicking on login link : [[ChromeDriver: chrome on windows (d9bf86972ca4013c31ce71e05aea11aa)] -> link text: Log in]
2023-12-16 21:12:692 INFO  HomePage :32 - Clicking on login link : [[ChromeDriver: chrome on windows (08f7f496e0103e81fa3dd5dd922ef585)] -> link text: Log in]
2023-12-16 21:12:747 INFO  LoginPage :39 - Getting text from : [[ChromeDriver: chrome on windows (08f7f496e0103e81fa3dd5dd922ef585)] -> xpath: //h1[contains(text(),'Welcome, Please Sign In!')]]
2023-12-16 21:12:577 INFO  HomePage :32 - Clicking on login link : [[ChromeDriver: chrome on windows (f60ed073eeab2d3f717aff2f49da4435)] -> link text: Log in]
2023-12-16 22:12:264 INFO  HomePage :36 - Clicking on login link : [[ChromeDriver: chrome on windows (a8455db1a696921beb6432176e56c1a2)] -> link text: Log in]
2023-12-16 22:12:367 INFO  LoginPage :39 - Getting text from : [[ChromeDriver: chrome on windows (a8455db1a696921beb6432176e56c1a2)] -> xpath: //h1[contains(text(),'Welcome, Please Sign In!')]]
2023-12-16 22:12:448 INFO  HomePage :36 - Clicking on login link : [[ChromeDriver: chrome on windows (131cfcfbec24f9f9a4217d63b117ba25)] -> link text: Log in]
2023-12-16 22:12:852 INFO  HomePage :36 - Clicking on login link : [[ChromeDriver: chrome on windows (0ccbf6627e88e2d025bb44962dcbe78d)] -> link text: Log in]
2023-12-16 22:12:158 INFO  LoginPage :39 - Getting text from : [[ChromeDriver: chrome on windows (0ccbf6627e88e2d025bb44962dcbe78d)] -> xpath: //h1[contains(text(),'Welcome, Please Sign In!')]]
2023-12-16 22:12:122 INFO  HomePage :36 - Clicking on login link : [[ChromeDriver: chrome on windows (4f53d48fed8d2c0440da57b2f736c618)] -> link text: Log in]
2023-12-16 22:12:263 INFO  LoginPage :39 - Getting text from : [[ChromeDriver: chrome on windows (4f53d48fed8d2c0440da57b2f736c618)] -> xpath: //h1[contains(text(),'Welcome, Please Sign In!')]]
2023-12-16 22:12:954 INFO  HomePage :36 - Clicking on login link : [[ChromeDriver: chrome on windows (0d2164b968fd278b132cdf56dfdc1d70)] -> link text: Log in]
2023-12-16 22:12:211 INFO  HomePage :36 - Clicking on login link : [[ChromeDriver: chrome on windows (da659d64ee60e73eeb21aab55fe8f724)] -> link text: Log in]
2023-12-16 22:12:377 INFO  HomePage :36 - Clicking on login link : [[ChromeDriver: chrome on windows (95a09a36ac2cbaa28ae65742d6a31bc7)] -> link text: Log in]
2023-12-16 22:12:477 INFO  LoginPage :39 - Getting text from : [[ChromeDriver: chrome on windows (95a09a36ac2cbaa28ae65742d6a31bc7)] -> xpath: //h1[contains(text(),'Welcome, Please Sign In!')]]
2023-12-16 22:12:56 INFO  HomePage :36 - Clicking on login link : [[ChromeDriver: chrome on windows (c89c7e61029a54e0c82d24df16a6a04a)] -> link text: Log in]
2023-12-16 22:12:844 INFO  HomePage :36 - Clicking on login link : [[ChromeDriver: chrome on windows (a189f9a484212bfafcad519caf169c75)] -> link text: Log in]
2023-12-16 22:12:954 INFO  HomePage :36 - Clicking on login link : [[ChromeDriver: chrome on windows (aa732b0c72bdd8daa56dcd109dbb1cc7)] -> link text: Log in]
2023-12-16 22:12:96 INFO  LoginPage :39 - Getting text from : [[ChromeDriver: chrome on windows (aa732b0c72bdd8daa56dcd109dbb1cc7)] -> xpath: //h1[contains(text(),'Welcome, Please Sign In!')]]
2023-12-16 22:12:414 INFO  HomePage :36 - Clicking on login link : [[ChromeDriver: chrome on windows (4e307c300018a4da996ba00e213fe10c)] -> link text: Log in]
2023-12-16 22:12:287 INFO  HomePage :36 - Clicking on login link : [[ChromeDriver: chrome on windows (78b83b2f59e7e66b35adbe128637715e)] -> link text: Log in]
2023-12-16 22:12:775 INFO  HomePage :36 - Clicking on login link : [[ChromeDriver: chrome on windows (e2c4b55e0a5ecac91efad2bac5c7411a)] -> link text: Log in]
2023-12-16 22:12:919 INFO  LoginPage :39 - Getting text from : [[ChromeDriver: chrome on windows (e2c4b55e0a5ecac91efad2bac5c7411a)] -> xpath: //h1[contains(text(),'Welcome, Please Sign In!')]]
2023-12-16 22:12:426 INFO  HomePage :36 - Clicking on login link : [[ChromeDriver: chrome on windows (e8ca50922f9e280a0fbc8e905e57062f)] -> link text: Log in]
2023-12-16 22:12:843 INFO  HomePage :36 - Clicking on login link : [[ChromeDriver: chrome on windows (3924dd57c024ec262624d19b086d61c8)] -> link text: Log in]
2023-12-16 22:12:871 INFO  HomePage :36 - Clicking on login link : [[ChromeDriver: chrome on windows (015a20b86e82c7dff370d467f9eb4580)] -> link text: Log in]
2023-12-16 22:12:69 INFO  LoginPage :39 - Getting text from : [[ChromeDriver: chrome on windows (015a20b86e82c7dff370d467f9eb4580)] -> xpath: //h1[contains(text(),'Welcome, Please Sign In!')]]
2023-12-16 22:12:622 INFO  HomePage :36 - Clicking on login link : [[ChromeDriver: chrome on windows (446bd8b0b49b87fc9a4bd9d9450bf25e)] -> link text: Log in]
2023-12-16 22:12:131 INFO  HomePage :36 - Clicking on login link : [[ChromeDriver: chrome on windows (6d50d534ad294c385ae0036b31d8f79c)] -> link text: Log in]
2023-12-16 22:12:258 INFO  HomePage :36 - Clicking on login link : [[ChromeDriver: chrome on windows (c71df49ad70cb063b537eb7e0bc95d37)] -> link text: Log in]
2023-12-16 22:12:187 INFO  HomePage :36 - Clicking on login link : [[ChromeDriver: chrome on windows (734507a555a27a9f29162729cfe4602e)] -> link text: Log in]
2023-12-16 22:12:278 INFO  HomePage :36 - Clicking on login link : [[ChromeDriver: chrome on windows (99799dc6d6938f48b368fed9ea55f11d)] -> link text: Log in]
2023-12-16 22:12:506 INFO  HomePage :36 - Clicking on login link : [[ChromeDriver: chrome on windows (c7ae2a0bcf6aecfa5c60349903824b37)] -> link text: Log in]
2023-12-16 22:12:134 INFO  HomePage :36 - Clicking on login link : [[ChromeDriver: chrome on windows (68efee8eb54c910879e21223c58d4c89)] -> link text: Log in]
2023-12-16 22:12:242 INFO  HomePage :36 - Clicking on login link : [[ChromeDriver: chrome on windows (38f782afba665f0a71c8556a8b10f671)] -> link text: Log in]
2023-12-16 22:12:794 INFO  HomePage :36 - Clicking on login link : [[ChromeDriver: chrome on windows (84604651679eeca6857ce7c7d94ed42c)] -> link text: Log in]
2023-12-16 22:12:281 INFO  HomePage :54 - Getting text from : [[ChromeDriver: chrome on windows (84604651679eeca6857ce7c7d94ed42c)] -> xpath: //a[normalize-space()='Log out']]
2023-12-16 23:12:663 INFO  HomePage :44 - Clicking on login link : [[ChromeDriver: chrome on windows (48a042cfe466f050a3b781880a2e021a)] -> link text: Log in]
2023-12-16 23:12:614 INFO  HomePage :67 - Clicking on logout button : [[ChromeDriver: chrome on windows (48a042cfe466f050a3b781880a2e021a)] -> xpath: //a[normalize-space()='Log out']]
2023-12-16 23:12:759 INFO  HomePage :71 - Getting text from : [[ChromeDriver: chrome on windows (48a042cfe466f050a3b781880a2e021a)] -> xpath: //a[normalize-space()='Log in']]
2023-12-17 10:12:138 INFO  HomePage :51 - Clicking on register link : [[ChromeDriver: chrome on windows (888d29d7104bb10c3cc5d57b41213e23)] -> link text: Register]
2023-12-17 10:12:546 INFO  HomePage :51 - Clicking on register link : [[ChromeDriver: chrome on windows (7f40aa30adff4aee34fd6f2360dc57fa)] -> link text: Register]
2023-12-17 10:12:967 INFO  HomePage :51 - Clicking on register link : [[ChromeDriver: chrome on windows (7f40aa30adff4aee34fd6f2360dc57fa)] -> link text: Register]
2023-12-17 10:12:458 INFO  HomePage :51 - Clicking on register link : [[ChromeDriver: chrome on windows (ed314b93eccff3be8fee1f233ae658a1)] -> link text: Register]
2023-12-17 10:12:336 INFO  HomePage :51 - Clicking on register link : [[ChromeDriver: chrome on windows (4276559eaf6803611e2f3c11175e667b)] -> link text: Register]
2023-12-19 21:12:864 INFO  HomePage :59 - Clicking on login link : [[ChromeDriver: chrome on windows (5c517282ed2a2f9298a0e561e7530643)] -> link text: Log in]
2023-12-19 21:12:946 INFO  LoginPage :39 - Getting text from : [[ChromeDriver: chrome on windows (5c517282ed2a2f9298a0e561e7530643)] -> xpath: //h1[contains(text(),'Welcome, Please Sign In!')]]
2023-12-19 21:12:348 INFO  HomePage :59 - Clicking on login link : [[ChromeDriver: chrome on windows (8d949f77b4f9982e7c9402a8977d6fe4)] -> link text: Log in]
2023-12-19 21:12:446 INFO  HomePage :59 - Clicking on login link : [[ChromeDriver: chrome on windows (5f3bca1ef131d5b0e0936d8872b1c67b)] -> link text: Log in]
2023-12-19 21:12:758 INFO  HomePage :59 - Clicking on login link : [[ChromeDriver: chrome on windows (cc777526c33ced611418cdc870d7a93e)] -> link text: Log in]
2023-12-19 21:12:344 INFO  HomePage :64 - Clicking on register link : [[ChromeDriver: chrome on windows (99e7a4ea75e714b10379c469e12ff906)] -> link text: Register]
2023-12-19 21:12:809 INFO  HomePage :64 - Clicking on register link : [[ChromeDriver: chrome on windows (c4600608e6b3a68d4936ef687c89ec84)] -> link text: Register]
2023-12-19 21:12:50 INFO  HomePage :64 - Clicking on register link : [[ChromeDriver: chrome on windows (014dc4b8795fab02e76d460157fac537)] -> link text: Register]
